{"/home/djeg/Project/reactivr/src/index.ts": {"path":"/home/djeg/Project/reactivr/src/index.ts","statementMap":{"0":{"start":{"line":1,"column":13},"end":{"line":1,"column":null}}},"fnMap":{},"branchMap":{},"s":{"0":1},"f":{},"b":{}}
,"/home/djeg/Project/reactivr/src/state/actions.ts": {"path":"/home/djeg/Project/reactivr/src/state/actions.ts","statementMap":{"0":{"start":{"line":11,"column":24},"end":{"line":11,"column":34}},"1":{"start":{"line":11,"column":30},"end":{"line":11,"column":null}},"2":{"start":{"line":11,"column":13},"end":{"line":11,"column":24}},"3":{"start":{"line":17,"column":2},"end":{"line":17,"column":57}},"4":{"start":{"line":19,"column":13},"end":{"line":19,"column":23}},"5":{"start":{"line":20,"column":14},"end":{"line":20,"column":26}},"6":{"start":{"line":22,"column":33},"end":{"line":22,"column":57}},"7":{"start":{"line":22,"column":56},"end":{"line":25,"column":41}},"8":{"start":{"line":27,"column":2},"end":{"line":27,"column":null}},"9":{"start":{"line":27,"column":33},"end":{"line":27,"column":null}},"10":{"start":{"line":28,"column":2},"end":{"line":28,"column":null}},"11":{"start":{"line":29,"column":2},"end":{"line":29,"column":null}},"12":{"start":{"line":30,"column":2},"end":{"line":30,"column":null}},"13":{"start":{"line":31,"column":2},"end":{"line":31,"column":null}},"14":{"start":{"line":33,"column":2},"end":{"line":35,"column":null}},"15":{"start":{"line":33,"column":23},"end":{"line":33,"column":32}},"16":{"start":{"line":33,"column":19},"end":{"line":33,"column":23}},"17":{"start":{"line":34,"column":4},"end":{"line":34,"column":null}},"18":{"start":{"line":37,"column":2},"end":{"line":37,"column":null}},"19":{"start":{"line":16,"column":0},"end":{"line":16,"column":16}},"20":{"start":{"line":44,"column":60},"end":{"line":59,"column":3}},"21":{"start":{"line":45,"column":16},"end":{"line":45,"column":28}},"22":{"start":{"line":47,"column":50},"end":{"line":47,"column":70}},"23":{"start":{"line":47,"column":69},"end":{"line":50,"column":null}},"24":{"start":{"line":52,"column":4},"end":{"line":52,"column":null}},"25":{"start":{"line":52,"column":38},"end":{"line":52,"column":null}},"26":{"start":{"line":53,"column":4},"end":{"line":53,"column":null}},"27":{"start":{"line":54,"column":4},"end":{"line":54,"column":null}},"28":{"start":{"line":55,"column":4},"end":{"line":55,"column":null}},"29":{"start":{"line":56,"column":4},"end":{"line":56,"column":null}},"30":{"start":{"line":58,"column":4},"end":{"line":58,"column":null}},"31":{"start":{"line":61,"column":2},"end":{"line":61,"column":null}},"32":{"start":{"line":43,"column":0},"end":{"line":43,"column":16}},"33":{"start":{"line":70,"column":56},"end":{"line":74,"column":3}},"34":{"start":{"line":71,"column":4},"end":{"line":71,"column":null}},"35":{"start":{"line":73,"column":4},"end":{"line":73,"column":null}},"36":{"start":{"line":76,"column":2},"end":{"line":76,"column":null}},"37":{"start":{"line":67,"column":0},"end":{"line":67,"column":16}},"38":{"start":{"line":85,"column":57},"end":{"line":89,"column":3}},"39":{"start":{"line":86,"column":4},"end":{"line":86,"column":null}},"40":{"start":{"line":88,"column":4},"end":{"line":88,"column":null}},"41":{"start":{"line":91,"column":2},"end":{"line":91,"column":null}},"42":{"start":{"line":82,"column":0},"end":{"line":82,"column":16}}},"fnMap":{"0":{"name":"(anonymous_0)","decl":{"start":{"line":11,"column":24},"end":{"line":11,"column":30}},"loc":{"start":{"line":11,"column":24},"end":{"line":11,"column":34}}},"1":{"name":"action","decl":{"start":{"line":16,"column":16},"end":{"line":16,"column":22}},"loc":{"start":{"line":16,"column":22},"end":{"line":38,"column":1}}},"2":{"name":"(anonymous_2)","decl":{"start":{"line":22,"column":33},"end":{"line":22,"column":34}},"loc":{"start":{"line":22,"column":51},"end":{"line":22,"column":57}}},"3":{"name":"(anonymous_3)","decl":{"start":{"line":27,"column":27},"end":{"line":27,"column":33}},"loc":{"start":{"line":27,"column":27},"end":{"line":27,"column":37}}},"4":{"name":"when","decl":{"start":{"line":43,"column":16},"end":{"line":43,"column":20}},"loc":{"start":{"line":43,"column":67},"end":{"line":62,"column":1}}},"5":{"name":"(anonymous_5)","decl":{"start":{"line":44,"column":60},"end":{"line":44,"column":75}},"loc":{"start":{"line":44,"column":75},"end":{"line":59,"column":3}}},"6":{"name":"(anonymous_6)","decl":{"start":{"line":47,"column":50},"end":{"line":47,"column":51}},"loc":{"start":{"line":47,"column":64},"end":{"line":47,"column":70}}},"7":{"name":"(anonymous_7)","decl":{"start":{"line":52,"column":32},"end":{"line":52,"column":38}},"loc":{"start":{"line":52,"column":32},"end":{"line":52,"column":42}}},"8":{"name":"reduce","decl":{"start":{"line":67,"column":16},"end":{"line":67,"column":22}},"loc":{"start":{"line":68,"column":30},"end":{"line":77,"column":1}}},"9":{"name":"(anonymous_9)","decl":{"start":{"line":70,"column":56},"end":{"line":70,"column":71}},"loc":{"start":{"line":70,"column":71},"end":{"line":74,"column":3}}},"10":{"name":"produce","decl":{"start":{"line":82,"column":16},"end":{"line":82,"column":23}},"loc":{"start":{"line":83,"column":22},"end":{"line":92,"column":1}}},"11":{"name":"(anonymous_11)","decl":{"start":{"line":85,"column":57},"end":{"line":85,"column":72}},"loc":{"start":{"line":85,"column":72},"end":{"line":89,"column":3}}}},"branchMap":{"0":{"loc":{"start":{"line":24,"column":13},"end":{"line":24,"column":20}},"type":"cond-expr","locations":[{"start":{"line":24,"column":13},"end":{"line":24,"column":20}},{"start":{"line":24,"column":24},"end":{"line":24,"column":33}}]},"1":{"loc":{"start":{"line":24,"column":13},"end":{"line":24,"column":24}},"type":"binary-expr","locations":[{"start":{"line":24,"column":13},"end":{"line":24,"column":24}},{"start":{"line":24,"column":13},"end":{"line":24,"column":24}}]},"2":{"loc":{"start":{"line":49,"column":15},"end":{"line":49,"column":22}},"type":"cond-expr","locations":[{"start":{"line":49,"column":15},"end":{"line":49,"column":22}},{"start":{"line":49,"column":26},"end":{"line":49,"column":35}}]},"3":{"loc":{"start":{"line":49,"column":15},"end":{"line":49,"column":26}},"type":"binary-expr","locations":[{"start":{"line":49,"column":15},"end":{"line":49,"column":26}},{"start":{"line":49,"column":15},"end":{"line":49,"column":26}}]},"4":{"loc":{"start":{"line":71,"column":28},"end":{"line":71,"column":30}},"type":"cond-expr","locations":[{"start":{"line":71,"column":28},"end":{"line":71,"column":30}},{"start":{"line":71,"column":28},"end":{"line":71,"column":43}}]},"5":{"loc":{"start":{"line":71,"column":4},"end":{"line":71,"column":30}},"type":"binary-expr","locations":[{"start":{"line":71,"column":4},"end":{"line":71,"column":30}},{"start":{"line":71,"column":28},"end":{"line":71,"column":30}}]},"6":{"loc":{"start":{"line":86,"column":27},"end":{"line":86,"column":29}},"type":"cond-expr","locations":[{"start":{"line":86,"column":27},"end":{"line":86,"column":29}},{"start":{"line":86,"column":27},"end":{"line":86,"column":41}}]},"7":{"loc":{"start":{"line":86,"column":4},"end":{"line":86,"column":29}},"type":"binary-expr","locations":[{"start":{"line":86,"column":4},"end":{"line":86,"column":29}},{"start":{"line":86,"column":27},"end":{"line":86,"column":29}}]}},"s":{"0":1,"1":4,"2":1,"3":13,"4":4,"5":4,"6":4,"7":1,"8":4,"9":1,"10":4,"11":4,"12":4,"13":4,"14":4,"15":8,"16":5,"17":5,"18":4,"19":1,"20":3,"21":3,"22":3,"23":2,"24":3,"25":2,"26":3,"27":3,"28":3,"29":3,"30":3,"31":3,"32":1,"33":1,"34":1,"35":1,"36":1,"37":1,"38":1,"39":1,"40":1,"41":1,"42":1},"f":{"0":4,"1":4,"2":1,"3":1,"4":3,"5":3,"6":2,"7":2,"8":1,"9":1,"10":1,"11":1},"b":{"0":[0,1],"1":[1,1],"2":[2,0],"3":[2,2],"4":[0,1],"5":[1,1],"6":[0,1],"7":[1,1]}}
}
