{"/home/djeg/Project/reactivr/src/index.ts": {"path":"/home/djeg/Project/reactivr/src/index.ts","statementMap":{"0":{"start":{"line":1,"column":13},"end":{"line":1,"column":null}}},"fnMap":{},"branchMap":{},"s":{"0":1},"f":{},"b":{}}
,"/home/djeg/Project/reactivr/src/state/actions.ts": {"path":"/home/djeg/Project/reactivr/src/state/actions.ts","statementMap":{"0":{"start":{"line":13,"column":62},"end":{"line":13,"column":73}},"1":{"start":{"line":13,"column":68},"end":{"line":14,"column":null}},"2":{"start":{"line":14,"column":2},"end":{"line":14,"column":null}},"3":{"start":{"line":13,"column":13},"end":{"line":13,"column":62}},"4":{"start":{"line":19,"column":24},"end":{"line":19,"column":34}},"5":{"start":{"line":19,"column":30},"end":{"line":19,"column":null}},"6":{"start":{"line":19,"column":13},"end":{"line":19,"column":24}},"7":{"start":{"line":25,"column":2},"end":{"line":25,"column":null}},"8":{"start":{"line":27,"column":13},"end":{"line":27,"column":23}},"9":{"start":{"line":28,"column":14},"end":{"line":28,"column":26}},"10":{"start":{"line":30,"column":55},"end":{"line":30,"column":67}},"11":{"start":{"line":30,"column":66},"end":{"line":33,"column":null}},"12":{"start":{"line":35,"column":2},"end":{"line":35,"column":null}},"13":{"start":{"line":35,"column":33},"end":{"line":35,"column":null}},"14":{"start":{"line":36,"column":2},"end":{"line":36,"column":null}},"15":{"start":{"line":37,"column":2},"end":{"line":37,"column":null}},"16":{"start":{"line":38,"column":2},"end":{"line":38,"column":null}},"17":{"start":{"line":39,"column":2},"end":{"line":39,"column":null}},"18":{"start":{"line":41,"column":2},"end":{"line":43,"column":null}},"19":{"start":{"line":41,"column":23},"end":{"line":41,"column":32}},"20":{"start":{"line":41,"column":19},"end":{"line":41,"column":23}},"21":{"start":{"line":42,"column":4},"end":{"line":42,"column":null}},"22":{"start":{"line":45,"column":2},"end":{"line":45,"column":null}},"23":{"start":{"line":24,"column":0},"end":{"line":24,"column":16}},"24":{"start":{"line":52,"column":2},"end":{"line":53,"column":3}},"25":{"start":{"line":53,"column":2},"end":{"line":59,"column":null}},"26":{"start":{"line":54,"column":4},"end":{"line":54,"column":null}},"27":{"start":{"line":55,"column":4},"end":{"line":55,"column":null}},"28":{"start":{"line":56,"column":4},"end":{"line":56,"column":null}},"29":{"start":{"line":56,"column":37},"end":{"line":56,"column":null}},"30":{"start":{"line":58,"column":4},"end":{"line":58,"column":null}},"31":{"start":{"line":51,"column":13},"end":{"line":51,"column":null}},"32":{"start":{"line":65,"column":2},"end":{"line":66,"column":3}},"33":{"start":{"line":66,"column":2},"end":{"line":70,"column":null}},"34":{"start":{"line":67,"column":4},"end":{"line":67,"column":null}},"35":{"start":{"line":69,"column":4},"end":{"line":69,"column":null}},"36":{"start":{"line":64,"column":13},"end":{"line":64,"column":null}},"37":{"start":{"line":76,"column":2},"end":{"line":77,"column":3}},"38":{"start":{"line":77,"column":2},"end":{"line":81,"column":null}},"39":{"start":{"line":78,"column":4},"end":{"line":78,"column":null}},"40":{"start":{"line":80,"column":4},"end":{"line":80,"column":null}},"41":{"start":{"line":75,"column":13},"end":{"line":75,"column":null}}},"fnMap":{"0":{"name":"(anonymous_0)","decl":{"start":{"line":13,"column":62},"end":{"line":13,"column":68}},"loc":{"start":{"line":13,"column":62},"end":{"line":13,"column":73}}},"1":{"name":"(anonymous_1)","decl":{"start":{"line":13,"column":68},"end":{"line":13,"column":73}},"loc":{"start":{"line":13,"column":73},"end":{"line":14,"column":7}}},"2":{"name":"(anonymous_2)","decl":{"start":{"line":19,"column":24},"end":{"line":19,"column":30}},"loc":{"start":{"line":19,"column":24},"end":{"line":19,"column":34}}},"3":{"name":"action","decl":{"start":{"line":24,"column":16},"end":{"line":24,"column":22}},"loc":{"start":{"line":25,"column":59},"end":{"line":46,"column":1}}},"4":{"name":"(anonymous_4)","decl":{"start":{"line":30,"column":55},"end":{"line":30,"column":62}},"loc":{"start":{"line":30,"column":62},"end":{"line":30,"column":67}}},"5":{"name":"(anonymous_5)","decl":{"start":{"line":35,"column":27},"end":{"line":35,"column":33}},"loc":{"start":{"line":35,"column":27},"end":{"line":35,"column":37}}},"6":{"name":"(anonymous_6)","decl":{"start":{"line":52,"column":2},"end":{"line":52,"column":37}},"loc":{"start":{"line":52,"column":49},"end":{"line":53,"column":3}}},"7":{"name":"(anonymous_7)","decl":{"start":{"line":53,"column":2},"end":{"line":53,"column":3}},"loc":{"start":{"line":53,"column":41},"end":{"line":59,"column":3}}},"8":{"name":"(anonymous_8)","decl":{"start":{"line":56,"column":31},"end":{"line":56,"column":37}},"loc":{"start":{"line":56,"column":31},"end":{"line":56,"column":41}}},"9":{"name":"(anonymous_9)","decl":{"start":{"line":65,"column":2},"end":{"line":65,"column":37}},"loc":{"start":{"line":65,"column":65},"end":{"line":66,"column":3}}},"10":{"name":"(anonymous_10)","decl":{"start":{"line":66,"column":2},"end":{"line":66,"column":3}},"loc":{"start":{"line":66,"column":41},"end":{"line":70,"column":3}}},"11":{"name":"(anonymous_11)","decl":{"start":{"line":76,"column":2},"end":{"line":76,"column":37}},"loc":{"start":{"line":76,"column":57},"end":{"line":77,"column":3}}},"12":{"name":"(anonymous_12)","decl":{"start":{"line":77,"column":2},"end":{"line":77,"column":3}},"loc":{"start":{"line":77,"column":41},"end":{"line":81,"column":3}}}},"branchMap":{"0":{"loc":{"start":{"line":25,"column":2},"end":{"line":25,"column":null}},"type":"if","locations":[{"start":{"line":25,"column":2},"end":{"line":25,"column":null}},{"start":{"line":25,"column":2},"end":{"line":25,"column":null}}]},"1":{"loc":{"start":{"line":67,"column":28},"end":{"line":67,"column":30}},"type":"cond-expr","locations":[{"start":{"line":67,"column":28},"end":{"line":67,"column":30}},{"start":{"line":67,"column":28},"end":{"line":67,"column":43}}]},"2":{"loc":{"start":{"line":67,"column":4},"end":{"line":67,"column":30}},"type":"binary-expr","locations":[{"start":{"line":67,"column":4},"end":{"line":67,"column":30}},{"start":{"line":67,"column":28},"end":{"line":67,"column":30}}]},"3":{"loc":{"start":{"line":78,"column":27},"end":{"line":78,"column":29}},"type":"cond-expr","locations":[{"start":{"line":78,"column":27},"end":{"line":78,"column":29}},{"start":{"line":78,"column":27},"end":{"line":78,"column":41}}]},"4":{"loc":{"start":{"line":78,"column":4},"end":{"line":78,"column":29}},"type":"binary-expr","locations":[{"start":{"line":78,"column":4},"end":{"line":78,"column":29}},{"start":{"line":78,"column":27},"end":{"line":78,"column":29}}]}},"s":{"0":1,"1":1,"2":1,"3":1,"4":1,"5":0,"6":1,"7":0,"8":0,"9":0,"10":0,"11":0,"12":0,"13":0,"14":0,"15":0,"16":0,"17":0,"18":0,"19":0,"20":0,"21":0,"22":0,"23":1,"24":1,"25":0,"26":0,"27":0,"28":0,"29":0,"30":0,"31":1,"32":1,"33":0,"34":0,"35":0,"36":1,"37":1,"38":0,"39":0,"40":0,"41":1},"f":{"0":1,"1":1,"2":0,"3":0,"4":0,"5":0,"6":0,"7":0,"8":0,"9":0,"10":0,"11":0,"12":0},"b":{"0":[0,0],"1":[0,0],"2":[0,0],"3":[0,0],"4":[0,0]}}
}
