TN:
SF:src/index.ts
FNF:0
FNH:0
DA:1,1
LF:1
LH:1
BRF:0
BRH:0
end_of_record
TN:
SF:src/state/actions.ts
FN:11,(anonymous_0)
FN:16,action
FN:22,(anonymous_2)
FN:27,(anonymous_3)
FN:43,when
FN:44,(anonymous_5)
FN:47,(anonymous_6)
FN:52,(anonymous_7)
FN:67,reduce
FN:70,(anonymous_9)
FN:82,produce
FN:85,(anonymous_11)
FNF:12
FNH:12
FNDA:4,(anonymous_0)
FNDA:4,action
FNDA:1,(anonymous_2)
FNDA:1,(anonymous_3)
FNDA:3,when
FNDA:3,(anonymous_5)
FNDA:2,(anonymous_6)
FNDA:2,(anonymous_7)
FNDA:1,reduce
FNDA:1,(anonymous_9)
FNDA:1,produce
FNDA:1,(anonymous_11)
DA:11,4
DA:16,1
DA:17,13
DA:19,4
DA:20,4
DA:22,4
DA:27,4
DA:28,4
DA:29,4
DA:30,4
DA:31,4
DA:33,8
DA:34,5
DA:37,4
DA:43,1
DA:44,3
DA:45,3
DA:47,3
DA:52,3
DA:53,3
DA:54,3
DA:55,3
DA:56,3
DA:58,3
DA:61,3
DA:67,1
DA:70,1
DA:71,1
DA:73,1
DA:76,1
DA:82,1
DA:85,1
DA:86,1
DA:88,1
DA:91,1
LF:35
LH:35
BRDA:24,0,0,0
BRDA:24,0,1,1
BRDA:24,1,0,1
BRDA:24,1,1,1
BRDA:49,2,0,2
BRDA:49,2,1,0
BRDA:49,3,0,2
BRDA:49,3,1,2
BRDA:71,4,0,0
BRDA:71,4,1,1
BRDA:71,5,0,1
BRDA:71,5,1,1
BRDA:86,6,0,0
BRDA:86,6,1,1
BRDA:86,7,0,1
BRDA:86,7,1,1
BRF:16
BRH:12
end_of_record
